ychatAndroid/app/build/outputs/logs/manifest-merger-debug-report.txt
-- Merging decision tree log ---
meta-data#com.amap.api.v2.apikey
INJECTED from ychatAndroid\app\AndroidManifest.xml:86:9-88:43
	android:value
		INJECTED from ychatAndroid\app\AndroidManifest.xml
		ADDED from ychatAndroid\app\AndroidManifest.xml:88:13-40
	android:name
		ADDED from ychatAndroid\app\AndroidManifest.xml:87:13-50
manifest
ADDED from ychatAndroid\app\AndroidManifest.xml:2:1-893:12
INJECTED from ychatAndroid\app\AndroidManifest.xml:2:1-893:12
INJECTED from ychatAndroid\app\AndroidManifest.xml:2:1-893:12
INJECTED from ychatAndroid\app\AndroidManifest.xml:2:1-893:12
MERGED from [com.android.support:multidex:1.0.3] AndroidManifest.xml:17:1-22:12
MERGED from [:uikit] AndroidManifest.xml:2:1-189:12
MERGED from [:pickerview] AndroidManifest.xml:2:1-11:12
MERGED from [:alipaySdk-15.5.9-20181123210601:] AndroidManifest.xml:2:1-54:12
MERGED from [android.arch.lifecycle:extensions:1.1.1] AndroidManifest.xml:17:1-30:12
MERGED from [com.huawei.android.hms:push:2.6.0.301] AndroidManifest.xml:2:1-9:12
MERGED from [com.netease.nimlib:basesdk:6.4.0] AndroidManifest.xml:2:1-63:12
MERGED from [com.netease.nimlib:lucene:6.4.0] AndroidManifest.xml:2:1-11:12
MERGED from [com.netease.nimlib:push:6.4.0] AndroidManifest.xml:2:1-122:12
MERGED from [com.meizu.flyme.internet:push-internal:3.6.3] AndroidManifest.xml:2:1-34:12
MERGED from [com.afollestad.material-dialogs:core:0.9.6.0] AndroidManifest.xml:2:1-15:12
MERGED from [com.tencent.bugly:crashreport:3.0.0] AndroidManifest.xml:2:1-9:12
MERGED from [com.tencent.bugly:nativecrashreport:3.7.1] AndroidManifest.xml:2:1-9:12
MERGED from [cc.linkedme.deeplinks:link-page:1.0.29] AndroidManifest.xml:2:1-14:12
MERGED from [com.github.hotchemi:permissionsdispatcher:3.1.0] AndroidManifest.xml:2:1-10:12
MERGED from [:wheelview] AndroidManifest.xml:2:1-11:12
MERGED from [com.android.support:design:28.0.0] AndroidManifest.xml:17:1-24:12
MERGED from [com.github.chrisbanes:PhotoView:2.1.4] AndroidManifest.xml:2:1-11:12
MERGED from [me.zhanghai.android.materialprogressbar:library:1.4.2] AndroidManifest.xml:6:1-16:12
MERGED from [com.android.support:appcompat-v7:28.0.0] AndroidManifest.xml:17:1-22:12
MERGED from [com.android.support:support-v4:28.0.0] AndroidManifest.xml:17:1-22:12
MERGED from [com.android.support.constraint:constraint-layout:1.1.3] AndroidManifest.xml:2:1-11:12
MERGED from [me.everything:overscroll-decor-android:1.0.4] AndroidManifest.xml:2:1-12:12
MERGED from [me.leolin:ShortcutBadger:1.1.19] AndroidManifest.xml:2:1-52:12
MERGED from [jp.wasabeef:glide-transformations:3.0.1] AndroidManifest.xml:2:1-12:12
MERGED from [com.github.bumptech.glide:okhttp3-integration:4.8.0] AndroidManifest.xml:2:1-16:12
MERGED from [com.github.bumptech.glide:glide:4.8.0] AndroidManifest.xml:2:1-12:12
MERGED from [com.netease.nimlib:chatroom:6.4.0] AndroidManifest.xml:2:1-11:12
MERGED from [com.blankj:utilcode:1.22.10] AndroidManifest.xml:2:1-29:12
MERGED from [com.liulishuo.filedownloader:library:1.7.6] AndroidManifest.xml:2:1-18:12
MERGED from [com.makeramen:roundedimageview:2.3.0] AndroidManifest.xml:2:1-9:12
MERGED from [cn.bingoogolapple:bga-qrcode-zxing:1.3.6] AndroidManifest.xml:2:1-9:12
MERGED from [cn.bingoogolapple:bga-qrcode-zbar:1.3.6] AndroidManifest.xml:2:1-9:12
MERGED from [io.reactivex.rxjava2:rxandroid:2.0.2] AndroidManifest.xml:15:1-21:12
MERGED from [com.github.niorgai:StatusBarCompat:2.1.4] AndroidManifest.xml:2:1-17:12
MERGED from [com.android.support:support-fragment:28.0.0] AndroidManifest.xml:17:1-22:12
MERGED from [com.android.support:animated-vector-drawable:28.0.0] AndroidManifest.xml:17:1-22:12
MERGED from [com.android.support:recyclerview-v7:28.0.0] AndroidManifest.xml:17:1-22:12
MERGED from [com.android.support:support-core-ui:28.0.0] AndroidManifest.xml:17:1-22:12
MERGED from [com.android.support:support-core-utils:28.0.0] AndroidManifest.xml:17:1-22:12
MERGED from [com.android.support:support-vector-drawable:28.0.0] AndroidManifest.xml:17:1-22:12
MERGED from [com.android.support:support-media-compat:28.0.0] AndroidManifest.xml:17:1-22:12
MERGED from [com.android.support:transition:28.0.0] AndroidManifest.xml:17:1-22:12
MERGED from [com.android.support:loader:28.0.0] AndroidManifest.xml:17:1-22:12
MERGED from [com.android.support:viewpager:28.0.0] AndroidManifest.xml:17:1-22:12
MERGED from [com.android.support:coordinatorlayout:28.0.0] AndroidManifest.xml:17:1-22:12
MERGED from [com.android.support:drawerlayout:28.0.0] AndroidManifest.xml:17:1-22:12
MERGED from [com.android.support:slidingpanelayout:28.0.0] AndroidManifest.xml:17:1-22:12
MERGED from [com.android.support:customview:28.0.0] AndroidManifest.xml:17:1-22:12
MERGED from [com.android.support:swiperefreshlayout:28.0.0] AndroidManifest.xml:17:1-22:12
MERGED from [com.android.support:asynclayoutinflater:28.0.0] AndroidManifest.xml:17:1-22:12
MERGED from [com.android.support:support-compat:28.0.0] AndroidManifest.xml:17:1-24:12
MERGED from [android.arch.lifecycle:runtime:1.1.1] AndroidManifest.xml:17:1-22:12
MERGED from [android.arch.lifecycle:livedata:1.1.1] AndroidManifest.xml:17:1-22:12
MERGED from [android.arch.lifecycle:livedata-core:1.1.1] AndroidManifest.xml:17:1-22:12
MERGED from [android.arch.core:runtime:1.1.1] AndroidManifest.xml:17:1-22:12
MERGED from [android.arch.lifecycle:viewmodel:1.1.1] AndroidManifest.xml:17:1-22:12
MERGED from [com.android.support:versionedparcelable:28.0.0] AndroidManifest.xml:17:1-25:12
MERGED from [com.android.support:cursoradapter:28.0.0] AndroidManifest.xml:17:1-22:12
MERGED from [com.android.support:cardview-v7:28.0.0] AndroidManifest.xml:17:1-22:12
MERGED from [com.github.bumptech.glide:gifdecoder:4.8.0] AndroidManifest.xml:2:1-11:12
MERGED from [com.android.support:documentfile:28.0.0] AndroidManifest.xml:17:1-22:12
MERGED from [com.android.support:localbroadcastmanager:28.0.0] AndroidManifest.xml:17:1-22:12
MERGED from [com.android.support:print:28.0.0] AndroidManifest.xml:17:1-22:12
MERGED from [com.android.support:interpolator:28.0.0] AndroidManifest.xml:17:1-22:12
MERGED from [com.huawei.android.hms:base:2.6.0.301] AndroidManifest.xml:2:1-23:12
MERGED from [cn.bingoogolapple:bga-qrcode-core:1.3.6] AndroidManifest.xml:2:1-19:12
INJECTED from ychatAndroid\app\AndroidManifest.xml:2:1-893:12
INJECTED from ychatAndroid\app\AndroidManifest.xml:2:1-893:12
INJECTED from ychatAndroid\app\AndroidManifest.xml:2:1-893:12
	package
		ADDED from ychatAndroid\app\AndroidManifest.xml:3:5-27
		INJECTED from ychatAndroid\app\AndroidManifest.xml
		INJECTED from ychatAndroid\app\AndroidManifest.xml
	android:versionName
		INJECTED from ychatAndroid\app\AndroidManifest.xml
		ADDED from ychatAndroid\app\AndroidManifest.xml:2:1-893:12
		INJECTED from ychatAndroid\app\AndroidManifest.xml
	android:versionCode
		INJECTED from ychatAndroid\app\AndroidManifest.xml
		ADDED from ychatAndroid\app\AndroidManifest.xml:2:1-893:12
		INJECTED from ychatAndroid\app\AndroidManifest.xml
	xmlns:android
		ADDED from ychatAndroid\app\AndroidManifest.xml:2:11-69
	android:installLocation
		ADDED from ychatAndroid\app\AndroidManifest.xml:4:5-35
uses-permission#android.permission.INTERNET
ADDED from ychatAndroid\app\AndroidManifest.xml:7:5-67
MERGED from [:alipaySdk-15.5.9-20181123210601:] AndroidManifest.xml:18:5-67
MERGED from [:alipaySdk-15.5.9-20181123210601:] AndroidManifest.xml:18:5-67
MERGED from [com.netease.nimlib:basesdk:6.4.0] AndroidManifest.xml:14:5-67
MERGED from [com.netease.nimlib:basesdk:6.4.0] AndroidManifest.xml:14:5-67
MERGED from [com.meizu.flyme.internet:push-internal:3.6.3] AndroidManifest.xml:11:5-67
MERGED from [com.meizu.flyme.internet:push-internal:3.6.3] AndroidManifest.xml:11:5-67
	android:name
		ADDED from ychatAndroid\app\AndroidManifest.xml:7:22-64
uses-permission#android.permission.ACCESS_NETWORK_STATE
ADDED from ychatAndroid\app\AndroidManifest.xml:8:5-79
MERGED from [:alipaySdk-15.5.9-20181123210601:] AndroidManifest.xml:19:5-79
MERGED from [:alipaySdk-15.5.9-20181123210601:] AndroidManifest.xml:19:5-79
MERGED from [com.netease.nimlib:basesdk:6.4.0] AndroidManifest.xml:15:5-79
MERGED from [com.netease.nimlib:basesdk:6.4.0] AndroidManifest.xml:15:5-79
MERGED from [com.meizu.flyme.internet:push-internal:3.6.3] AndroidManifest.xml:13:5-79
MERGED from [com.meizu.flyme.internet:push-internal:3.6.3] AndroidManifest.xml:13:5-79
	android:name
		ADDED from ychatAndroid\app\AndroidManifest.xml:8:22-76
uses-permission#android.permission.ACCESS_WIFI_STATE
ADDED from ychatAndroid\app\AndroidManifest.xml:9:5-76
MERGED from [:alipaySdk-15.5.9-20181123210601:] AndroidManifest.xml:20:5-76
MERGED from [:alipaySdk-15.5.9-20181123210601:] AndroidManifest.xml:20:5-76
MERGED from [com.netease.nimlib:basesdk:6.4.0] AndroidManifest.xml:16:5-76
MERGED from [com.netease.nimlib:basesdk:6.4.0] AndroidManifest.xml:16:5-76
MERGED from [com.meizu.flyme.internet:push-internal:3.6.3] AndroidManifest.xml:16:5-76
MERGED from [com.meizu.flyme.internet:push-internal:3.6.3] AndroidManifest.xml:16:5-76
MERGED from [cc.linkedme.deeplinks:link-page:1.0.29] AndroidManifest.xml:11:5-76
MERGED from [cc.linkedme.deeplinks:link-page:1.0.29] AndroidManifest.xml:11:5-76
	android:name
		ADDED from ychatAndroid\app\AndroidManifest.xml:9:22-73
uses-permission#android.permission.CHANGE_WIFI_STATE
ADDED from ychatAndroid\app\AndroidManifest.xml:10:5-76
MERGED from [com.netease.nimlib:basesdk:6.4.0] AndroidManifest.xml:17:5-76
MERGED from [com.netease.nimlib:basesdk:6.4.0] AndroidManifest.xml:17:5-76
	android:name
		ADDED from ychatAndroid\app\AndroidManifest.xml:10:22-73
uses-permission#android.permission.READ_EXTERNAL_STORAGE
ADDED from ychatAndroid\app\AndroidManifest.xml:12:5-80
MERGED from [com.netease.nimlib:basesdk:6.4.0] AndroidManifest.xml:23:5-80
MERGED from [com.netease.nimlib:basesdk:6.4.0] AndroidManifest.xml:23:5-80
MERGED from [com.meizu.flyme.internet:push-internal:3.6.3] AndroidManifest.xml:14:5-80
MERGED from [com.meizu.flyme.internet:push-internal:3.6.3] AndroidManifest.xml:14:5-80
	android:name
		ADDED from ychatAndroid\app\AndroidManifest.xml:12:22-77
uses-permission#android.permission.WRITE_EXTERNAL_STORAGE
ADDED from ychatAndroid\app\AndroidManifest.xml:13:5-81
MERGED from [:alipaySdk-15.5.9-20181123210601:] AndroidManifest.xml:22:5-81
MERGED from [:alipaySdk-15.5.9-20181123210601:] AndroidManifest.xml:22:5-81
MERGED from [com.netease.nimlib:basesdk:6.4.0] AndroidManifest.xml:24:5-81
MERGED from [com.netease.nimlib:basesdk:6.4.0] AndroidManifest.xml:24:5-81
MERGED from [com.meizu.flyme.internet:push-internal:3.6.3] AndroidManifest.xml:15:5-81
MERGED from [com.meizu.flyme.internet:push-internal:3.6.3] AndroidManifest.xml:15:5-81
	android:name
		ADDED from ychatAndroid\app\AndroidManifest.xml:13:22-78
uses-permission#android.permission.ACCESS_FINE_LOCATION
ADDED from ychatAndroid\app\AndroidManifest.xml:15:5-79
	android:name
		ADDED from ychatAndroid\app\AndroidManifest.xml:15:22-76
uses-permission#android.permission.ACCESS_COARSE_LOCATION
ADDED from ychatAndroid\app\AndroidManifest.xml:16:5-81
	android:name
		ADDED from ychatAndroid\app\AndroidManifest.xml:16:22-78
uses-permission#android.permission.ACCESS_LOCATION_EXTRA_COMMANDS
ADDED from ychatAndroid\app\AndroidManifest.xml:17:5-89
	android:name
		ADDED from ychatAndroid\app\AndroidManifest.xml:17:22-86
uses-permission#android.permission.READ_PHONE_STATE
ADDED from ychatAndroid\app\AndroidManifest.xml:19:5-75
MERGED from [:alipaySdk-15.5.9-20181123210601:] AndroidManifest.xml:21:5-75
MERGED from [:alipaySdk-15.5.9-20181123210601:] AndroidManifest.xml:21:5-75
MERGED from [com.meizu.flyme.internet:push-internal:3.6.3] AndroidManifest.xml:12:5-75
MERGED from [com.meizu.flyme.internet:push-internal:3.6.3] AndroidManifest.xml:12:5-75
	android:name
		ADDED from ychatAndroid\app\AndroidManifest.xml:19:22-72
uses-permission#android.permission.CAMERA
ADDED from ychatAndroid\app\AndroidManifest.xml:20:5-65
MERGED from [cn.bingoogolapple:bga-qrcode-core:1.3.6] AndroidManifest.xml:9:5-65
MERGED from [cn.bingoogolapple:bga-qrcode-core:1.3.6] AndroidManifest.xml:9:5-65
	android:name
		ADDED from ychatAndroid\app\AndroidManifest.xml:20:22-62
uses-permission#android.permission.RECORD_AUDIO
ADDED from ychatAndroid\app\AndroidManifest.xml:21:5-71
	android:name
		ADDED from ychatAndroid\app\AndroidManifest.xml:21:22-68
uses-permission#android.permission.BLUETOOTH
ADDED from ychatAndroid\app\AndroidManifest.xml:22:5-68
	android:name
		ADDED from ychatAndroid\app\AndroidManifest.xml:22:22-65
uses-permission#android.permission.BLUETOOTH_ADMIN
ADDED from ychatAndroid\app\AndroidManifest.xml:23:5-74
	android:name
		ADDED from ychatAndroid\app\AndroidManifest.xml:23:22-71
uses-permission#android.permission.FLASHLIGHT
ADDED from ychatAndroid\app\AndroidManifest.xml:25:5-69
MERGED from [cn.bingoogolapple:bga-qrcode-core:1.3.6] AndroidManifest.xml:10:5-69
MERGED from [cn.bingoogolapple:bga-qrcode-core:1.3.6] AndroidManifest.xml:10:5-69
	android:name
		ADDED from ychatAndroid\app\AndroidManifest.xml:25:22-66
uses-permission#android.permission.VIBRATE
ADDED from ychatAndroid\app\AndroidManifest.xml:26:5-66
	android:name
		ADDED from ychatAndroid\app\AndroidManifest.xml:26:22-63
uses-permission#android.permission.CHANGE_CONFIGURATION
ADDED from ychatAndroid\app\AndroidManifest.xml:27:5-79
	android:name
		ADDED from ychatAndroid\app\AndroidManifest.xml:27:22-76
uses-permission#android.permission.MODIFY_AUDIO_SETTINGS
ADDED from ychatAndroid\app\AndroidManifest.xml:28:5-80
	android:name
		ADDED from ychatAndroid\app\AndroidManifest.xml:28:22-77
uses-permission#android.permission.WRITE_SETTINGS
ADDED from ychatAndroid\app\AndroidManifest.xml:29:5-73
	android:name
		ADDED from ychatAndroid\app\AndroidManifest.xml:29:22-70
uses-permission#android.permission.DISABLE_KEYGUARD
ADDED from ychatAndroid\app\AndroidManifest.xml:31:5-75
	android:name
		ADDED from ychatAndroid\app\AndroidManifest.xml:31:22-72
uses-permission#android.permission.WAKE_LOCK
ADDED from ychatAndroid\app\AndroidManifest.xml:32:5-68
	android:name
		ADDED from ychatAndroid\app\AndroidManifest.xml:32:22-65
uses-permission#android.permission.REQUEST_INSTALL_PACKAGES
ADDED from ychatAndroid\app\AndroidManifest.xml:33:5-83
	android:name
		ADDED from ychatAndroid\app\AndroidManifest.xml:33:22-80
uses-permission#android.permission.DOWNLOAD_WITHOUT_NOTIFICATION
ADDED from ychatAndroid\app\AndroidManifest.xml:34:5-88
	android:name
		ADDED from ychatAndroid\app\AndroidManifest.xml:34:22-85
uses-permission#android.permission.READ_LOGS
ADDED from ychatAndroid\app\AndroidManifest.xml:35:5-68
	android:name
		ADDED from ychatAndroid\app\AndroidManifest.xml:35:22-65
uses-permission#android.permission.REORDER_TASKS
ADDED from ychatAndroid\app\AndroidManifest.xml:36:5-72
MERGED from [cc.linkedme.deeplinks:link-page:1.0.29] AndroidManifest.xml:12:5-72
MERGED from [cc.linkedme.deeplinks:link-page:1.0.29] AndroidManifest.xml:12:5-72
	android:name
		ADDED from ychatAndroid\app\AndroidManifest.xml:36:22-69
permission#com.xr.ychat.permission.RECEIVE_MSG
ADDED from ychatAndroid\app\AndroidManifest.xml:40:5-42:47
	android:protectionLevel
		ADDED from ychatAndroid\app\AndroidManifest.xml:42:9-44
	android:name
		ADDED from ychatAndroid\app\AndroidManifest.xml:41:9-59
uses-permission#com.xr.ychat.permission.RECEIVE_MSG
ADDED from ychatAndroid\app\AndroidManifest.xml:45:5-75
	android:name
		ADDED from ychatAndroid\app\AndroidManifest.xml:45:22-72
permission#com.xr.ychat.permission.MIPUSH_RECEIVE
ADDED from ychatAndroid\app\AndroidManifest.xml:48:5-50:47
	android:protectionLevel
		ADDED from ychatAndroid\app\AndroidManifest.xml:50:9-44
	android:name
		ADDED from ychatAndroid\app\AndroidManifest.xml:49:9-62
uses-permission#com.xr.ychat.permission.MIPUSH_RECEIVE
ADDED from ychatAndroid\app\AndroidManifest.xml:51:5-78
	android:name
		ADDED from ychatAndroid\app\AndroidManifest.xml:51:22-75
uses-permission#com.meizu.flyme.push.permission.RECEIVE
ADDED from ychatAndroid\app\AndroidManifest.xml:55:5-79
	android:name
		ADDED from ychatAndroid\app\AndroidManifest.xml:55:22-76
permission#com.xr.ychat.push.permission.MESSAGE
ADDED from ychatAndroid\app\AndroidManifest.xml:56:5-58:47
	android:protectionLevel
		ADDED from ychatAndroid\app\AndroidManifest.xml:58:9-44
	android:name
		ADDED from ychatAndroid\app\AndroidManifest.xml:57:9-60
uses-permission#com.xr.ychat.push.permission.MESSAGE
ADDED from ychatAndroid\app\AndroidManifest.xml:59:5-76
	android:name
		ADDED from ychatAndroid\app\AndroidManifest.xml:59:22-73
uses-permission#com.meizu.c2dm.permission.RECEIVE
ADDED from ychatAndroid\app\AndroidManifest.xml:61:5-73
	android:name
		ADDED from ychatAndroid\app\AndroidManifest.xml:61:22-70
permission#com.xr.ychat.permission.C2D_MESSAGE
ADDED from ychatAndroid\app\AndroidManifest.xml:62:5-64:47
	android:protectionLevel
		ADDED from ychatAndroid\app\AndroidManifest.xml:64:9-44
	android:name
		ADDED from ychatAndroid\app\AndroidManifest.xml:63:9-59
uses-permission#com.xr.ychat.permission.C2D_MESSAGE
ADDED from ychatAndroid\app\AndroidManifest.xml:65:5-75
	android:name
		ADDED from ychatAndroid\app\AndroidManifest.xml:65:22-72
application
ADDED from ychatAndroid\app\AndroidManifest.xml:67:5-891:19
MERGED from [:uikit] AndroidManifest.xml:11:5-187:19
MERGED from [:uikit] AndroidManifest.xml:11:5-187:19
MERGED from [:alipaySdk-15.5.9-20181123210601:] AndroidManifest.xml:24:5-52:19
MERGED from [:alipaySdk-15.5.9-20181123210601:] AndroidManifest.xml:24:5-52:19
MERGED from [android.arch.lifecycle:extensions:1.1.1] AndroidManifest.xml:22:5-28:19
MERGED from [android.arch.lifecycle:extensions:1.1.1] AndroidManifest.xml:22:5-28:19
MERGED from [com.netease.nimlib:basesdk:6.4.0] AndroidManifest.xml:26:5-61:19
MERGED from [com.netease.nimlib:basesdk:6.4.0] AndroidManifest.xml:26:5-61:19
MERGED from [com.netease.nimlib:push:6.4.0] AndroidManifest.xml:11:5-120:19
MERGED from [com.netease.nimlib:push:6.4.0] AndroidManifest.xml:11:5-120:19
MERGED from [com.meizu.flyme.internet:push-internal:3.6.3] AndroidManifest.xml:18:5-32:19
MERGED from [com.meizu.flyme.internet:push-internal:3.6.3] AndroidManifest.xml:18:5-32:19
MERGED from [com.afollestad.material-dialogs:core:0.9.6.0] AndroidManifest.xml:13:5-20
MERGED from [com.afollestad.material-dialogs:core:0.9.6.0] AndroidManifest.xml:13:5-20
MERGED from [com.android.support:design:28.0.0] AndroidManifest.xml:22:5-20
MERGED from [com.android.support:design:28.0.0] AndroidManifest.xml:22:5-20
MERGED from [com.android.support.constraint:constraint-layout:1.1.3] AndroidManifest.xml:9:5-20
MERGED from [com.android.support.constraint:constraint-layout:1.1.3] AndroidManifest.xml:9:5-20
MERGED from [com.github.bumptech.glide:okhttp3-integration:4.8.0] AndroidManifest.xml:10:5-14:19
MERGED from [com.github.bumptech.glide:okhttp3-integration:4.8.0] AndroidManifest.xml:10:5-14:19
MERGED from [com.github.bumptech.glide:glide:4.8.0] AndroidManifest.xml:10:5-20
MERGED from [com.github.bumptech.glide:glide:4.8.0] AndroidManifest.xml:10:5-20
MERGED from [com.blankj:utilcode:1.22.10] AndroidManifest.xml:9:5-27:19
MERGED from [com.blankj:utilcode:1.22.10] AndroidManifest.xml:9:5-27:19
MERGED from [com.liulishuo.filedownloader:library:1.7.6] AndroidManifest.xml:11:5-16:19
MERGED from [com.liulishuo.filedownloader:library:1.7.6] AndroidManifest.xml:11:5-16:19
MERGED from [com.github.niorgai:StatusBarCompat:2.1.4] AndroidManifest.xml:11:5-15:19
MERGED from [com.github.niorgai:StatusBarCompat:2.1.4] AndroidManifest.xml:11:5-15:19
MERGED from [com.android.support:support-compat:28.0.0] AndroidManifest.xml:22:5-94
MERGED from [com.android.support:support-compat:28.0.0] AndroidManifest.xml:22:5-94
MERGED from [com.android.support:versionedparcelable:28.0.0] AndroidManifest.xml:22:5-23:19
MERGED from [com.android.support:versionedparcelable:28.0.0] AndroidManifest.xml:22:5-23:19
MERGED from [com.github.bumptech.glide:gifdecoder:4.8.0] AndroidManifest.xml:9:5-20
MERGED from [com.github.bumptech.glide:gifdecoder:4.8.0] AndroidManifest.xml:9:5-20
MERGED from [com.huawei.android.hms:base:2.6.0.301] AndroidManifest.xml:9:5-21:19
MERGED from [com.huawei.android.hms:base:2.6.0.301] AndroidManifest.xml:9:5-21:19
	android:appComponentFactory
		ADDED from [com.android.support:support-compat:28.0.0] AndroidManifest.xml:22:18-91
	android:supportsRtl
		ADDED from ychatAndroid\app\AndroidManifest.xml:72:9-35
	android:label
		ADDED from ychatAndroid\app\AndroidManifest.xml:71:9-41
	android:icon
		ADDED from ychatAndroid\app\AndroidManifest.xml:70:9-36
	android:allowBackup
		ADDED from ychatAndroid\app\AndroidManifest.xml:69:9-35
	android:theme
		ADDED from ychatAndroid\app\AndroidManifest.xml:73:9-52
	android:usesCleartextTraffic
		ADDED from ychatAndroid\app\AndroidManifest.xml:74:9-44
	android:name
		ADDED from ychatAndroid\app\AndroidManifest.xml:68:9-39
provider#android.support.v4.content.FileProvider
ADDED from ychatAndroid\app\AndroidManifest.xml:76:9-84:20
	android:grantUriPermissions
		ADDED from ychatAndroid\app\AndroidManifest.xml:80:13-47
	android:authorities
		ADDED from ychatAndroid\app\AndroidManifest.xml:78:13-60
	android:exported
		ADDED from ychatAndroid\app\AndroidManifest.xml:79:13-37
	android:name
		ADDED from ychatAndroid\app\AndroidManifest.xml:77:13-67
meta-data#android.support.FILE_PROVIDER_PATHS
ADDED from ychatAndroid\app\AndroidManifest.xml:81:13-83:58
	android:resource
		ADDED from ychatAndroid\app\AndroidManifest.xml:83:17-55
	android:name
		ADDED from ychatAndroid\app\AndroidManifest.xml:82:17-67
meta-data#com.netease.nim.appKey
ADDED from ychatAndroid\app\AndroidManifest.xml:95:9-97:64
	android:value
		ADDED from ychatAndroid\app\AndroidManifest.xml:97:13-61
	android:name
		ADDED from ychatAndroid\app\AndroidManifest.xml:96:13-50
meta-data#android.max_aspect
ADDED from ychatAndroid\app\AndroidManifest.xml:100:9-102:35
	android:value
		ADDED from ychatAndroid\app\AndroidManifest.xml:102:13-32
	android:name
		ADDED from ychatAndroid\app\AndroidManifest.xml:101:13-46
activity#com.xr.ychat.main.activity.WelcomeActivity
ADDED from ychatAndroid\app\AndroidManifest.xml:105:9-121:20
	android:screenOrientation
		ADDED from ychatAndroid\app\AndroidManifest.xml:111:13-49
	android:label
		ADDED from ychatAndroid\app\AndroidManifest.xml:109:13-45
	android:launchMode
		ADDED from ychatAndroid\app\AndroidManifest.xml:110:13-43
	android:hardwareAccelerated
		ADDED from ychatAndroid\app\AndroidManifest.xml:108:13-47
	android:windowSoftInputMode
		ADDED from ychatAndroid\app\AndroidManifest.xml:113:13-52
	android:configChanges
		ADDED from ychatAndroid\app\AndroidManifest.xml:107:13-63
	android:theme
		ADDED from ychatAndroid\app\AndroidManifest.xml:112:13-56
	android:name
		ADDED from ychatAndroid\app\AndroidManifest.xml:106:13-58
intent-filter#action:name:android.intent.action.MAIN+category:name:android.intent.category.LAUNCHER+category:name:android.intent.category.MULTIWINDOW_LAUNCHER
ADDED from ychatAndroid\app\AndroidManifest.xml:114:13-119:29
action#android.intent.action.MAIN
ADDED from ychatAndroid\app\AndroidManifest.xml:115:17-69
	android:name
		ADDED from ychatAndroid\app\AndroidManifest.xml:115:25-66
category#android.intent.category.LAUNCHER
ADDED from ychatAndroid\app\AndroidManifest.xml:117:17-77
	android:name
		ADDED from ychatAndroid\app\AndroidManifest.xml:117:27-74
category#android.intent.category.MULTIWINDOW_LAUNCHER
ADDED from ychatAndroid\app\AndroidManifest.xml:118:17-89
	android:name
		ADDED from ychatAndroid\app\AndroidManifest.xml:118:27-86
activity#com.xr.ychat.main.activity.MainActivity
ADDED from ychatAndroid\app\AndroidManifest.xml:124:9-141:20
	android:screenOrientation
		ADDED from ychatAndroid\app\AndroidManifest.xml:129:13-49
	android:launchMode
		ADDED from ychatAndroid\app\AndroidManifest.xml:128:13-43
	android:hardwareAccelerated
		ADDED from ychatAndroid\app\AndroidManifest.xml:127:13-47
	android:windowSoftInputMode
		ADDED from ychatAndroid\app\AndroidManifest.xml:131:13-52
	android:configChanges
		ADDED from ychatAndroid\app\AndroidManifest.xml:126:13-63
	android:theme
		ADDED from ychatAndroid\app\AndroidManifest.xml:130:13-56
	android:name
		ADDED from ychatAndroid\app\AndroidManifest.xml:125:13-55
intent-filter#action:name:android.intent.action.VIEW+category:name:android.intent.category.BROWSABLE+category:name:android.intent.category.DEFAULT+data:host:stay+data:scheme:yaoliao
ADDED from ychatAndroid\app\AndroidManifest.xml:132:13-140:29
data
ADDED from ychatAndroid\app\AndroidManifest.xml:133:17-135:48
	android:path
		ADDED from ychatAndroid\app\AndroidManifest.xml:206:21-42
	android:host
		ADDED from ychatAndroid\app\AndroidManifest.xml:134:21-40
	android:scheme
		ADDED from ychatAndroid\app\AndroidManifest.xml:135:21-45
	android:pathPrefix
		ADDED from ychatAndroid\app\AndroidManifest.xml:693:21-46
category#android.intent.category.DEFAULT
ADDED from ychatAndroid\app\AndroidManifest.xml:137:17-76
	android:name
		ADDED from ychatAndroid\app\AndroidManifest.xml:137:27-73
action#android.intent.action.VIEW
ADDED from ychatAndroid\app\AndroidManifest.xml:138:17-69
	android:name
		ADDED from ychatAndroid\app\AndroidManifest.xml:138:25-66
category#android.intent.category.BROWSABLE
ADDED from ychatAndroid\app\AndroidManifest.xml:139:17-78
	android:name
		ADDED from ychatAndroid\app\AndroidManifest.xml:139:27-75
activity#com.xr.ychat.main.activity.MainShareActivity
ADDED from ychatAndroid\app\AndroidManifest.xml:143:9-171:20
	android:screenOrientation
		ADDED from ychatAndroid\app\AndroidManifest.xml:148:13-49
	android:launchMode
		ADDED from ychatAndroid\app\AndroidManifest.xml:147:13-43
	android:hardwareAccelerated
		ADDED from ychatAndroid\app\AndroidManifest.xml:146:13-47
	android:windowSoftInputMode
		ADDED from ychatAndroid\app\AndroidManifest.xml:150:13-52
	android:configChanges
		ADDED from ychatAndroid\app\AndroidManifest.xml:145:13-63
	android:theme
		ADDED from ychatAndroid\app\AndroidManifest.xml:149:13-56
	android:name
		ADDED from ychatAndroid\app\AndroidManifest.xml:144:13-60
intent-filter#action:name:android.intent.action.VIEW+category:name:android.intent.category.BROWSABLE+category:name:android.intent.category.DEFAULT+data:scheme:yaoliao
ADDED from ychatAndroid\app\AndroidManifest.xml:158:13-163:29
activity#com.xr.ychat.main.activity.MultiportActivity
ADDED from ychatAndroid\app\AndroidManifest.xml:174:9-179:70
	android:screenOrientation
		ADDED from ychatAndroid\app\AndroidManifest.xml:177:13-49
	android:windowSoftInputMode
		ADDED from ychatAndroid\app\AndroidManifest.xml:179:13-67
	android:configChanges
		ADDED from ychatAndroid\app\AndroidManifest.xml:176:13-63
	android:theme
		ADDED from ychatAndroid\app\AndroidManifest.xml:178:13-56
	android:name
		ADDED from ychatAndroid\app\AndroidManifest.xml:175:13-60
activity#com.xr.ychat.login.LoginActivity
ADDED from ychatAndroid\app\AndroidManifest.xml:182:9-187:70
	android:screenOrientation
		ADDED from ychatAndroid\app\AndroidManifest.xml:186:13-49
	android:label
		ADDED from ychatAndroid\app\AndroidManifest.xml:185:13-42
	android:windowSoftInputMode
		ADDED from ychatAndroid\app\AndroidManifest.xml:187:13-67
	android:configChanges
		ADDED from ychatAndroid\app\AndroidManifest.xml:184:13-48
	android:name
		ADDED from ychatAndroid\app\AndroidManifest.xml:183:13-48
activity#com.xr.ychat.login.BindPhoneNumActivity
ADDED from ychatAndroid\app\AndroidManifest.xml:188:9-193:70
	android:screenOrientation
		ADDED from ychatAndroid\app\AndroidManifest.xml:192:13-49
	android:label
		ADDED from ychatAndroid\app\AndroidManifest.xml:191:13-34
	android:windowSoftInputMode
		ADDED from ychatAndroid\app\AndroidManifest.xml:193:13-67
	android:configChanges
		ADDED from ychatAndroid\app\AndroidManifest.xml:190:13-48
	android:name
		ADDED from ychatAndroid\app\AndroidManifest.xml:189:13-55
activity#com.xr.ychat.main.activity.HelpActivity
ADDED from ychatAndroid\app\AndroidManifest.xml:194:9-208:20
	android:screenOrientation
		ADDED from ychatAndroid\app\AndroidManifest.xml:198:13-49
	android:label
		ADDED from ychatAndroid\app\AndroidManifest.xml:197:13-42
	android:windowSoftInputMode
		ADDED from ychatAndroid\app\AndroidManifest.xml:199:13-67
	android:configChanges
		ADDED from ychatAndroid\app\AndroidManifest.xml:196:13-48
	android:name
		ADDED from ychatAndroid\app\AndroidManifest.xml:195:13-55
intent-filter#action:name:android.intent.action.VIEW+category:name:android.intent.category.DEFAULT+data:host:h5+data:path:/enter+data:scheme:web
ADDED from ychatAndroid\app\AndroidManifest.xml:201:13-207:29
activity#com.xr.ychat.main.activity.AuthorizeLoginActivity
ADDED from ychatAndroid\app\AndroidManifest.xml:209:9-214:70
	android:screenOrientation
		ADDED from ychatAndroid\app\AndroidManifest.xml:212:13-49
	android:windowSoftInputMode
		ADDED from ychatAndroid\app\AndroidManifest.xml:214:13-67
	android:configChanges
		ADDED from ychatAndroid\app\AndroidManifest.xml:211:13-63
	android:theme
		ADDED from ychatAndroid\app\AndroidManifest.xml:213:13-56
	android:name
		ADDED from ychatAndroid\app\AndroidManifest.xml:210:13-65
activity#com.xr.ychat.login.LoginAuthorizeActivity
ADDED from ychatAndroid\app\AndroidManifest.xml:216:9-221:63
	android:screenOrientation
		ADDED from ychatAndroid\app\AndroidManifest.xml:220:13-49
	android:label
		ADDED from ychatAndroid\app\AndroidManifest.xml:219:13-42
	android:windowSoftInputMode
		ADDED from ychatAndroid\app\AndroidManifest.xml:221:13-60
	android:configChanges
		ADDED from ychatAndroid\app\AndroidManifest.xml:218:13-48
	android:name
		ADDED from ychatAndroid\app\AndroidManifest.xml:217:13-57
activity#com.xr.ychat.login.SwitchAccountActivity
ADDED from ychatAndroid\app\AndroidManifest.xml:223:9-227:70
	android:screenOrientation
		ADDED from ychatAndroid\app\AndroidManifest.xml:226:13-49
	android:windowSoftInputMode
		ADDED from ychatAndroid\app\AndroidManifest.xml:227:13-67
	android:configChanges
		ADDED from ychatAndroid\app\AndroidManifest.xml:225:13-48
	android:name
		ADDED from ychatAndroid\app\AndroidManifest.xml:224:13-56